<?xml version="1.0" encoding="UTF-8"?>
<testng-results skipped="0" failed="0" total="1" passed="1">
  <reporter-output>
  </reporter-output>
  <suite name="Default suite" duration-ms="2421" started-at="2019-11-18T06:27:13Z" finished-at="2019-11-18T06:27:16Z">
    <groups>
    </groups>
    <test name="Default test" duration-ms="2421" started-at="2019-11-18T06:27:13Z" finished-at="2019-11-18T06:27:16Z">
      <class name="Seleniumproject.NewTest57">
        <test-method status="PASS" signature="testExcel()[pri:0, instance:Seleniumproject.NewTest57@16c0663d]" name="testExcel" duration-ms="2403" started-at="2019-11-18T11:57:13Z" finished-at="2019-11-18T11:57:16Z">
          <reporter-output>
          </reporter-output>
        </test-method> <!-- testExcel -->
      </class> <!-- Seleniumproject.NewTest57 -->
    </test> <!-- Default test -->
  </suite> <!-- Default suite -->
</testng-results>
